00:00:00.003170 main     VirtualBox COM Server 7.1.2 r164945 win.amd64 (Sep 26 2024 15:43:09) release log
00:00:00.003174 main     Log opened 2025-02-26T02:18:06.714139400Z
00:00:00.003174 main     Build Type: release
00:00:00.003179 main     OS Product: Windows 11
00:00:00.003180 main     OS Release: 10.0.22631
00:00:00.003180 main     OS Service Pack: 
00:00:00.031815 main     DMI Product Name: VivoBook_ASUSLaptop X512JP_X512JP
00:00:00.045031 main     DMI Product Version: 1.0       
00:00:00.045042 main     Firmware type: UEFI
00:00:00.045392 main     Secure Boot: Enabled
00:00:00.045410 main     Host RAM: 16189MB (15.8GB) total, 2267MB (2.2GB) available
00:00:00.045416 main     Executable: C:\Program Files\Oracle\VirtualBox\VBoxSVC.exe
00:00:00.045416 main     Process ID: 96452
00:00:00.045417 main     Package type: WINDOWS_64BITS_GENERIC
00:00:00.045419 main     Windows Features:
00:00:00.045420 main       Core Isolation (Memory Integrity): ENABLED
00:00:00.117441          VirtualBox: object creation starts
00:00:00.117700          Home directory: 'C:\Users\user\.VirtualBox'
00:00:00.117806          Installed Drivers:
00:00:00.122309            C:\WINDOWS\system32\DRIVERS\VBoxSup.sys (Version: 7.1.2.14945)
00:00:00.122867            C:\WINDOWS\system32\DRIVERS\VBoxUSBMon.sys (Version: 7.1.2.14945)
00:00:00.123224            C:\WINDOWS\system32\DRIVERS\VBoxNetLwf.sys (Version: 7.1.2.14945)
00:00:00.123632            C:\WINDOWS\system32\DRIVERS\VBoxNetAdp6.sys (Version: 7.1.2.14945)
00:00:00.124084          Loading settings file "C:\Users\user\.VirtualBox\VirtualBox.xml" with version "1.12-windows"
00:00:00.128834          usbLibGetDevices: Starting USB device enumeration
00:00:00.145735          Getting USB descriptor (id 0) failed (dwErr=31) on hub USB#ROOT_HUB30#4&36f9711c&0&0#{f18a0e88-c30c-11d0-8815-00a0c906bed8} port 6
00:00:00.145817          Getting USB descriptor (id 0) failed (dwErr=31) on hub USB#ROOT_HUB30#4&36f9711c&0&0#{f18a0e88-c30c-11d0-8815-00a0c906bed8} port 10
00:00:00.148760          usbLibGetDevices: Found 2 USB devices, 0 captured
00:00:00.148795          USB: Unknown USB device detected (idVendor: 0x13d3, idProduct: 0x56dd)
00:00:00.148837          USB: Unknown USB device detected (idVendor: 0x8087, idProduct: 0x0aaa)
00:00:00.252871          netIfIsWireless: CreateFile on '\\.\{7C97A40F-E1F4-4C7F-A893-8BB54E467E9C}' failed with rcWin=2 (0x2) - ignoring
00:00:00.259428          HostDnsMonitor: initializing
00:00:00.267719          HostDnsMonitor: updating information
00:00:00.267743          HostDnsMonitor: old information
00:00:00.267744            no server entries
00:00:00.267744            no domain set
00:00:00.267745            no search string entries
00:00:00.267745          HostDnsMonitor: new information
00:00:00.267745            server 1: 8.8.8.8
00:00:00.267746            server 2: 163.21.236.169
00:00:00.267746            domain: utaipei.edu.tw
00:00:00.267747            no search string entries
00:00:00.269705          VD: VDInit finished with VINF_SUCCESS
00:00:00.270729          Platform architecture set to 'x86'
00:00:00.271032          ERROR [COM]: aRC=E_FAIL (0x80004005) aIID={e36a5081-a82a-40bd-9e4e-42a44d6ce50f} aComponent={MachineWrap} aText={Runtime error opening 'C:\Users\user\test\ubuntu-seiscomp\ubuntu-seiscomp.vbox' for reading VERR_PATH_NOT_FOUND (Path not found.).
00:00:00.271044          D:\tinderbox\win-rel\src\VBox\Main\src-server\MachineImpl.cpp[984] (long __cdecl Machine::i_registeredInit(void))}, preserve=false aResultDetail=0
00:00:00.271705          VirtualBox: object created
00:00:00.423169          Saving settings file "C:\Users\user\.VirtualBox\VirtualBox.xml" with version "1.12-windows"
00:00:00.427159          Finished saving settings file "C:\Users\user\.VirtualBox\VirtualBox.xml"
00:00:00.427419          Saving settings file "C:\Users\user\.VirtualBox\VirtualBox.xml" with version "1.12-windows"
00:00:00.431198          Finished saving settings file "C:\Users\user\.VirtualBox\VirtualBox.xml"
00:00:00.431440          Saving settings file "C:\Users\user\.VirtualBox\VirtualBox.xml" with version "1.12-windows"
00:00:00.434657          Finished saving settings file "C:\Users\user\.VirtualBox\VirtualBox.xml"
00:00:01.028109          Platform architecture set to 'x86'
00:00:01.028397          ERROR [COM]: aRC=E_FAIL (0x80004005) aIID={e36a5081-a82a-40bd-9e4e-42a44d6ce50f} aComponent={MachineWrap} aText={Runtime error opening 'C:\Users\user\test\ubuntu-seiscomp\ubuntu-seiscomp.vbox' for reading VERR_PATH_NOT_FOUND (Path not found.).
00:00:01.028401          D:\tinderbox\win-rel\src\VBox\Main\src-server\MachineImpl.cpp[984] (long __cdecl Machine::i_registeredInit(void))}, preserve=false aResultDetail=0
00:00:01.028920          Platform architecture set to 'x86'
00:00:01.029109          ERROR [COM]: aRC=E_FAIL (0x80004005) aIID={e36a5081-a82a-40bd-9e4e-42a44d6ce50f} aComponent={MachineWrap} aText={Runtime error opening 'C:\Users\user\test\ubuntu-seiscomp\ubuntu-seiscomp.vbox' for reading VERR_PATH_NOT_FOUND (Path not found.).
00:00:01.029112          D:\tinderbox\win-rel\src\VBox\Main\src-server\MachineImpl.cpp[984] (long __cdecl Machine::i_registeredInit(void))}, preserve=false aResultDetail=0
00:00:01.030004          Platform architecture set to 'x86'
00:00:01.030272          ERROR [COM]: aRC=E_FAIL (0x80004005) aIID={e36a5081-a82a-40bd-9e4e-42a44d6ce50f} aComponent={MachineWrap} aText={Runtime error opening 'C:\Users\user\test\ubuntu-seiscomp\ubuntu-seiscomp.vbox' for reading VERR_PATH_NOT_FOUND (Path not found.).
00:00:01.030277          D:\tinderbox\win-rel\src\VBox\Main\src-server\MachineImpl.cpp[984] (long __cdecl Machine::i_registeredInit(void))}, preserve=false aResultDetail=0
00:00:23.487565          Import settings with version "1.19-macosx"
00:00:23.487837          ERROR [COM]: aRC=E_ACCESSDENIED (0x80070005) aIID={e36a5081-a82a-40bd-9e4e-42a44d6ce50f} aComponent={MachineWrap} aText={The object functionality is limited}, preserve=false aResultDetail=0
00:00:23.487893          ERROR [COM]: aRC=VBOX_E_OBJECT_NOT_FOUND (0x80bb0001) aIID={d644ad1e-c501-4fc7-9ab6-aa6d763bc540} aComponent={VirtualBoxWrap} aText={Could not find a registered machine named 'ubuntu-seiscomp'}, preserve=false aResultDetail=0
00:00:23.488357          ERROR [COM]: aRC=VBOX_E_FILE_ERROR (0x80bb0004) aIID={7d510820-a678-4730-a862-818dcd3fbed0} aComponent={MediumWrap} aText={Could not find file for the medium 'C:\Users\user\VirtualBox VMs\ubuntu-seiscomp\ubuntu-seiscomp-0218-disk002.vmdk' (VERR_PATH_NOT_FOUND)}, preserve=false aResultDetail=-103
00:09:05.252613 createImport ERROR [COM]: aRC=VBOX_E_FILE_ERROR (0x80bb0004) aIID={7d510820-a678-4730-a862-818dcd3fbed0} aComponent={MediumWrap} aText={Could not create the imported medium 'D:\Earthquake\ubuntu-seiscomp\ubuntu-seiscomp-0218-disk002.vdi' (VERR_DISK_FULL)}, preserve=false aResultDetail=-152
00:09:05.257082 ApplImp  Platform architecture set to 'x86'
00:09:05.258915 ApplImp  Platform architecture set to 'x86'
00:10:03.435236          Import settings with version "1.19-macosx"
00:10:03.435382          ERROR [COM]: aRC=E_ACCESSDENIED (0x80070005) aIID={e36a5081-a82a-40bd-9e4e-42a44d6ce50f} aComponent={MachineWrap} aText={The object functionality is limited}, preserve=false aResultDetail=0
00:10:03.435400          ERROR [COM]: aRC=VBOX_E_OBJECT_NOT_FOUND (0x80bb0001) aIID={d644ad1e-c501-4fc7-9ab6-aa6d763bc540} aComponent={VirtualBoxWrap} aText={Could not find a registered machine named 'ubuntu-seiscomp'}, preserve=false aResultDetail=0
00:10:03.435602          ERROR [COM]: aRC=VBOX_E_FILE_ERROR (0x80bb0004) aIID={7d510820-a678-4730-a862-818dcd3fbed0} aComponent={MediumWrap} aText={Could not find file for the medium 'C:\Users\user\VirtualBox VMs\ubuntu-seiscomp\ubuntu-seiscomp-0218-disk002.vmdk' (VERR_PATH_NOT_FOUND)}, preserve=false aResultDetail=-103
00:11:34.657671 main     VirtualBox: object deletion starts
00:11:34.660465 main     HostDnsMonitor: shutting down ...
00:11:34.660534 main     HostDnsMonitor: shut down
00:11:34.663271 Watcher  ERROR [COM]: aRC=E_ACCESSDENIED (0x80070005) aIID={d644ad1e-c501-4fc7-9ab6-aa6d763bc540} aComponent={VirtualBoxWrap} aText={The object is not ready}, preserve=false aResultDetail=0
00:11:34.663456 main     VirtualBox: object deleted
